{"level":30,"time":1774630955578,"pid":39060,"hostname":"ELTECH","msg":"Request to safe URL http://localhost:8081/api/v1/auth/login, skipping token interceptor"}
{"level":30,"time":1774630956628,"pid":39060,"hostname":"ELTECH","msg":"Nodemailer transporter ready"}
{"level":30,"time":1774630957927,"pid":39060,"hostname":"ELTECH","email":"admin@gmail.com","msg":"User signed in successfully"}
{"level":30,"time":1774630960986,"pid":39060,"hostname":"ELTECH","count":4,"msg":"Fetched users"}
{"level":30,"time":1774632005928,"pid":39060,"hostname":"ELTECH","msg":"Nodemailer transporter ready"}
{"level":30,"time":1774632208070,"pid":39060,"hostname":"ELTECH","msg":"Nodemailer transporter ready"}
{"level":30,"time":1774632955979,"pid":39060,"hostname":"ELTECH","msg":"Nodemailer transporter ready"}
{"level":30,"time":1774633058731,"pid":39060,"hostname":"ELTECH","id":1,"msg":"Profile updated successfully"}
{"level":30,"time":1774633077950,"pid":39060,"hostname":"ELTECH","id":1,"msg":"Profile updated successfully"}
{"level":30,"time":1774633226576,"pid":39060,"hostname":"ELTECH","id":1,"msg":"Profile updated successfully"}
{"level":30,"time":1774633873858,"pid":39060,"hostname":"ELTECH","id":1,"msg":"Profile updated successfully"}
{"level":30,"time":1774633874595,"pid":39060,"hostname":"ELTECH","msg":"Nodemailer transporter ready"}
{"level":30,"time":1774633890296,"pid":39060,"hostname":"ELTECH","id":1,"msg":"Profile updated successfully"}
{"level":30,"time":1775259594036,"pid":28524,"hostname":"ELTECH","id":4,"title":"test","msg":"Post created successfully"}
{"level":30,"time":1775259684221,"pid":28524,"hostname":"ELTECH","id":4,"title":"test3","msg":"Post updated successfully"}
{"level":30,"time":1775260015545,"pid":28524,"hostname":"ELTECH","count":4,"msg":"Fetched users"}
{"level":30,"time":1775260027472,"pid":28524,"hostname":"ELTECH","count":4,"msg":"Fetched users"}
{"level":30,"time":1775260040817,"pid":28524,"hostname":"ELTECH","count":4,"msg":"Fetched users"}
{"level":30,"time":1775260125040,"pid":28524,"hostname":"ELTECH","count":4,"msg":"Fetched users"}
{"level":30,"time":1775260125411,"pid":28524,"hostname":"ELTECH","count":4,"msg":"Fetched users"}
{"level":30,"time":1775260164759,"pid":28524,"hostname":"ELTECH","count":4,"msg":"Fetched users"}
{"level":30,"time":1775260166638,"pid":28524,"hostname":"ELTECH","count":4,"msg":"Fetched users"}
{"level":30,"time":1775260166920,"pid":28524,"hostname":"ELTECH","count":4,"msg":"Fetched users"}
{"level":30,"time":1775260166964,"pid":28524,"hostname":"ELTECH","count":4,"msg":"Fetched users"}
{"level":30,"time":1775260167086,"pid":28524,"hostname":"ELTECH","count":4,"msg":"Fetched users"}
{"level":30,"time":1775260167109,"pid":28524,"hostname":"ELTECH","count":4,"msg":"Fetched users"}
{"level":30,"time":1775260170883,"pid":28524,"hostname":"ELTECH","count":4,"msg":"Fetched users"}
{"level":30,"time":1775260209650,"pid":28524,"hostname":"ELTECH","count":4,"msg":"Fetched users"}
{"level":30,"time":1775260217877,"pid":28524,"hostname":"ELTECH","count":4,"msg":"Fetched users"}
{"level":30,"time":1775260226084,"pid":28524,"hostname":"ELTECH","count":4,"msg":"Fetched users"}
{"level":30,"time":1775260242376,"pid":28524,"hostname":"ELTECH","count":4,"msg":"Fetched users"}
{"level":30,"time":1775260245913,"pid":28524,"hostname":"ELTECH","count":4,"msg":"Fetched users"}
{"level":30,"time":1775260408286,"pid":28524,"hostname":"ELTECH","count":4,"msg":"Fetched users"}
{"level":30,"time":1775260593156,"pid":28524,"hostname":"ELTECH","id":2,"msg":"User updated successfully"}
{"level":30,"time":1775260593158,"pid":28524,"hostname":"ELTECH","userId":2,"msg":"User updated"}
{"level":30,"time":1775260593675,"pid":28524,"hostname":"ELTECH","count":4,"msg":"Fetched users"}
{"level":30,"time":1775260627695,"pid":28524,"hostname":"ELTECH","id":3,"msg":"User updated successfully"}
{"level":30,"time":1775260627695,"pid":28524,"hostname":"ELTECH","userId":3,"msg":"User updated"}
{"level":30,"time":1775260628177,"pid":28524,"hostname":"ELTECH","count":4,"msg":"Fetched users"}
{"level":30,"time":1775260660537,"pid":28524,"hostname":"ELTECH","id":4,"content":"exemple de roadmap","msg":"Comment created successfully"}
{"level":30,"time":1775260711354,"pid":28524,"hostname":"ELTECH","id":4,"content":"exemple de roadmap","msg":"Comment updated successfully"}
{"level":30,"time":1775260725139,"pid":28524,"hostname":"ELTECH","count":4,"msg":"Fetched users"}
{"level":30,"time":1775260797548,"pid":28524,"hostname":"ELTECH","count":4,"msg":"Fetched users"}
{"level":30,"time":1775260798883,"pid":28524,"hostname":"ELTECH","count":4,"msg":"Fetched users"}
{"level":30,"time":1775260883340,"pid":28524,"hostname":"ELTECH","count":4,"msg":"Fetched users"}
{"level":30,"time":1775260907171,"pid":28524,"hostname":"ELTECH","count":4,"msg":"Fetched users"}
{"level":30,"time":1775260909539,"pid":28524,"hostname":"ELTECH","count":4,"msg":"Fetched users"}
{"level":30,"time":1775260996408,"pid":28524,"hostname":"ELTECH","count":4,"msg":"Fetched users"}
{"level":30,"time":1775261568339,"pid":28524,"hostname":"ELTECH","id":3,"content":"A voting system would help prioritize features.","msg":"Comment updated successfully"}
{"level":30,"time":1775261608055,"pid":28524,"hostname":"ELTECH","id":3,"content":"A voting system would help prioritize features.","msg":"Comment updated successfully"}
{"level":30,"time":1775261624108,"pid":28524,"hostname":"ELTECH","id":3,"title":"Community Guidelines","msg":"Post updated successfully"}
{"level":30,"time":1775261661677,"pid":28524,"hostname":"ELTECH","id":3,"content":"A voting system would help prioritize features.","msg":"Comment updated successfully"}
{"level":30,"time":1775261721378,"pid":28524,"hostname":"ELTECH","id":3,"content":"A voting system would help prioritize features.","msg":"Comment updated successfully"}
{"level":30,"time":1775261757058,"pid":28524,"hostname":"ELTECH","id":3,"content":"A voting system would help prioritize features.","msg":"Comment updated successfully"}
{"level":30,"time":1775261784942,"pid":28524,"hostname":"ELTECH","count":4,"msg":"Fetched users"}
{"level":30,"time":1775261856058,"pid":28524,"hostname":"ELTECH","count":4,"msg":"Fetched users"}
{"level":30,"time":1775261878244,"pid":28524,"hostname":"ELTECH","id":2,"msg":"User updated successfully"}
{"level":30,"time":1775261878244,"pid":28524,"hostname":"ELTECH","userId":2,"msg":"User updated"}
{"level":30,"time":1775261878527,"pid":28524,"hostname":"ELTECH","count":4,"msg":"Fetched users"}
{"level":30,"time":1775261902927,"pid":28524,"hostname":"ELTECH","id":3,"msg":"User updated successfully"}
{"level":30,"time":1775261902927,"pid":28524,"hostname":"ELTECH","userId":3,"msg":"User updated"}
{"level":30,"time":1775261903325,"pid":28524,"hostname":"ELTECH","count":4,"msg":"Fetched users"}
{"level":30,"time":1775262310959,"pid":28524,"hostname":"ELTECH","count":4,"msg":"Fetched users"}
{"level":30,"time":1775262376150,"pid":28524,"hostname":"ELTECH","count":4,"msg":"Fetched users"}
{"level":30,"time":1775262390069,"pid":28524,"hostname":"ELTECH","id":4,"title":"test3","msg":"Post updated successfully"}
{"level":30,"time":1775262406186,"pid":28524,"hostname":"ELTECH","msg":"Request to safe URL http://localhost:8081/api/v1/auth/login, skipping token interceptor"}
{"level":30,"time":1775262406851,"pid":28524,"hostname":"ELTECH","email":"admin@gmail.com","msg":"User signed in successfully"}
{"level":30,"time":1775262407409,"pid":28524,"hostname":"ELTECH","msg":"Nodemailer transporter ready"}
{"level":30,"time":1775262410238,"pid":28524,"hostname":"ELTECH","count":4,"msg":"Fetched users"}
{"level":30,"time":1775264218345,"pid":28524,"hostname":"ELTECH","count":4,"msg":"Fetched users"}
{"level":30,"time":1775264222038,"pid":28524,"hostname":"ELTECH","count":4,"msg":"Fetched users"}
{"level":30,"time":1775264314057,"pid":28524,"hostname":"ELTECH","id":2,"msg":"User updated successfully"}
{"level":30,"time":1775264314057,"pid":28524,"hostname":"ELTECH","userId":2,"msg":"User updated"}
{"level":30,"time":1775264314320,"pid":28524,"hostname":"ELTECH","count":4,"msg":"Fetched users"}
{"level":30,"time":1775264601745,"pid":28524,"hostname":"ELTECH","count":4,"msg":"Fetched users"}
